#
# There is insufficient memory for the Java Runtime Environment to continue.
# Native memory allocation (mmap) failed to map 65536 bytes for Failed to commit metaspace.
# Possible reasons:
#   The system is out of physical RAM or swap space
#   The process is running with CompressedOops enabled, and the Java Heap may be blocking the growth of the native heap
# Possible solutions:
#   Reduce memory load on the system
#   Increase physical memory or swap space
#   Check if swap backing store is full
#   Decrease Java heap size (-Xmx/-Xms)
#   Decrease number of Java threads
#   Decrease Java thread stack sizes (-Xss)
#   Set larger code cache with -XX:ReservedCodeCacheSize=
#   JVM is running with Unscaled Compressed Oops mode in which the Java heap is
#     placed in the first 4GB address space. The Java Heap base address is the
#     maximum limit for the native heap growth. Please use -XX:HeapBaseMinAddress
#     to set the Java Heap base and to place the Java Heap above 4GB virtual address.
# This output file may be truncated or incomplete.
#
#  Out of Memory Error (virtualSpaceNode.cpp:110), pid=9336, tid=7008
#
# JRE version: Java(TM) SE Runtime Environment (17.0.9+11) (build 17.0.9+11-LTS-201)
# Java VM: Java HotSpot(TM) 64-Bit Server VM (17.0.9+11-LTS-201, mixed mode, emulated-client, tiered, compressed oops, compressed class ptrs, g1 gc, windows-amd64)
# No core dump will be written. Minidumps are not enabled by default on client versions of Windows
#

---------------  S U M M A R Y ------------

Command Line: -XX:TieredStopAtLevel=1 -Dspring.output.ansi.enabled=always -Dcom.sun.management.jmxremote -Dspring.jmx.enabled=true -Dspring.liveBeansView.mbeanDomain -Dspring.application.admin.enabled=true -Dmanagement.endpoints.jmx.exposure.include=* -javaagent:C:\Program Files\JetBrains\IntelliJ IDEA 2023.2.3\lib\idea_rt.jar=53339:C:\Program Files\JetBrains\IntelliJ IDEA 2023.2.3\bin -Dfile.encoding=UTF-8 mk.ukim.finki.wp.lab.LabApplication

Host: AMD Ryzen 7 4800H with Radeon Graphics         , 16 cores, 7G,  Windows 10 , 64 bit Build 19041 (10.0.19041.3636)
Time: Thu Nov 30 16:38:45 2023 Central European Standard Time elapsed time: 0.051311 seconds (0d 0h 0m 0s)

---------------  T H R E A D  ---------------

Current thread (0x00000107bed58250):  JavaThread "main" [_thread_in_vm, id=7008, stack(0x0000000100600000,0x0000000100700000)]

Stack: [0x0000000100600000,0x0000000100700000]
Native frames: (J=compiled Java code, j=interpreted, Vv=VM code, C=native code)
V  [jvm.dll+0x678a4a]
V  [jvm.dll+0x7d9cfd]
V  [jvm.dll+0x7db60e]
V  [jvm.dll+0x7dbc73]
V  [jvm.dll+0x245e1f]
V  [jvm.dll+0x7d5a0b]
V  [jvm.dll+0x61ebc6]
V  [jvm.dll+0x61ec2a]
V  [jvm.dll+0x62145d]
V  [jvm.dll+0x61f586]
V  [jvm.dll+0x36a3c2]
V  [jvm.dll+0x1e1b4b]
V  [jvm.dll+0x53eb15]
V  [jvm.dll+0x1f0caa]
V  [jvm.dll+0x75394d]
V  [jvm.dll+0x754d46]
V  [jvm.dll+0x755078]
V  [jvm.dll+0x23e1db]
V  [jvm.dll+0x37dd3e]
C  0x00000107c6619ad7

Java frames: (J=compiled Java code, j=interpreted, Vv=VM code)
j  java.lang.module.ModuleDescriptor.<clinit>()V+16 java.base
v  ~StubRoutines::call_stub
j  jdk.internal.misc.Unsafe.ensureClassInitialized0(Ljava/lang/Class;)V+0 java.base
j  jdk.internal.misc.Unsafe.ensureClassInitialized(Ljava/lang/Class;)V+14 java.base
j  java.lang.invoke.MethodHandles$Lookup.ensureInitialized(Ljava/lang/Class;)Ljava/lang/Class;+102 java.base
j  jdk.internal.access.SharedSecrets.ensureClassInitialized(Ljava/lang/Class;)V+4 java.base
j  jdk.internal.access.SharedSecrets.getJavaLangModuleAccess()Ljdk/internal/access/JavaLangModuleAccess;+10 java.base
j  jdk.internal.module.ModuleBootstrap.<clinit>()V+22 java.base
v  ~StubRoutines::call_stub
j  java.lang.System.initPhase2(ZZ)I+0 java.base
v  ~StubRoutines::call_stub

---------------  P R O C E S S  ---------------

Threads class SMR info:
_java_thread_list=0x00000107d13408e0, length=9, elements={
0x00000107bed58250, 0x00000107d0f768e0, 0x00000107d0f77560, 0x00000107d1331c00,
0x00000107d1332880, 0x00000107d134d810, 0x00000107d134e1d0, 0x00000107d133fe30,
0x00000107d1356d40
}

Java Threads: ( => current thread )
=>0x00000107bed58250 JavaThread "main" [_thread_in_vm, id=7008, stack(0x0000000100600000,0x0000000100700000)]
  0x00000107d0f768e0 JavaThread "Reference Handler" daemon [_thread_blocked, id=6052, stack(0x0000000100d00000,0x0000000100e00000)]
  0x00000107d0f77560 JavaThread "Finalizer" daemon [_thread_blocked, id=15224, stack(0x0000000100e00000,0x0000000100f00000)]
  0x00000107d1331c00 JavaThread "Signal Dispatcher" daemon [_thread_blocked, id=15852, stack(0x0000000100f00000,0x0000000101000000)]
  0x00000107d1332880 JavaThread "Attach Listener" daemon [_thread_blocked, id=6852, stack(0x0000000101000000,0x0000000101100000)]
  0x00000107d134d810 JavaThread "Service Thread" daemon [_thread_blocked, id=7824, stack(0x0000000101100000,0x0000000101200000)]
  0x00000107d134e1d0 JavaThread "Monitor Deflation Thread" daemon [_thread_blocked, id=4164, stack(0x0000000101200000,0x0000000101300000)]
  0x00000107d133fe30 JavaThread "C1 CompilerThread0" daemon [_thread_blocked, id=15724, stack(0x0000000101300000,0x0000000101400000)]
  0x00000107d1356d40 JavaThread "Sweeper thread" daemon [_thread_blocked, id=7728, stack(0x0000000101400000,0x0000000101500000)]

Other Threads:
  0x00000107d0fce4d0 VMThread "VM Thread" [stack: 0x0000000100c00000,0x0000000100d00000] [id=15884]
  0x00000107bedadfa0 GCTaskThread "GC Thread#0" [stack: 0x0000000100700000,0x0000000100800000] [id=10972]
  0x00000107bedbdab0 ConcurrentGCThread "G1 Main Marker" [stack: 0x0000000100800000,0x0000000100900000] [id=572]
  0x00000107bedbf4d0 ConcurrentGCThread "G1 Conc#0" [stack: 0x0000000100900000,0x0000000100a00000] [id=9784]
  0x00000107d0e29c80 ConcurrentGCThread "G1 Refine#0" [stack: 0x0000000100a00000,0x0000000100b00000] [id=13152]
  0x00000107d0e2a5b0 ConcurrentGCThread "G1 Service" [stack: 0x0000000100b00000,0x0000000100c00000] [id=2344]

Threads with active compile tasks:

VM state: not at safepoint (normal execution)

VM Mutex/Monitor currently owned by a thread:  ([mutex/lock_event])
[0x00000107bed50220] Metaspace_lock - owner thread: 0x00000107bed58250

Heap address: 0x000000008a200000, size: 1886 MB, Compressed Oops mode: 32-bit

CDS archive(s) not mapped
Compressed class space mapped at: 0x00000107d2000000-0x0000010812000000, reserved size: 1073741824
Narrow klass base: 0x00000107d2000000, Narrow klass shift: 0, Narrow klass range: 0x40000000

GC Precious Log:
 CPUs: 16 total, 16 available
 Memory: 7540M
 Large Page Support: Disabled
 NUMA Support: Disabled
 Compressed Oops: Enabled (32-bit)
 Heap Region Size: 1M
 Heap Min Capacity: 8M
 Heap Initial Capacity: 118M
 Heap Max Capacity: 1886M
 Pre-touch: Disabled
 Parallel Workers: 13
 Concurrent Workers: 3
 Concurrent Refinement Workers: 13
 Periodic GC: Disabled

Heap:
 garbage-first heap   total 120832K, used 0K [0x000000008a200000, 0x0000000100000000)
  region size 1024K, 1 young (1024K), 0 survivors (0K)
 Metaspace       used 2612K, committed 2624K, reserved 1114112K
  class space    used 191K, committed 192K, reserved 1048576K

Heap Regions: E=young(eden), S=young(survivor), O=old, HS=humongous(starts), HC=humongous(continues), CS=collection set, F=free, OA=open archive, CA=closed archive, TAMS=top-at-mark-start (previous, next)
|   0|0x000000008a200000, 0x000000008a200000, 0x000000008a300000|  0%| F|  |TAMS 0x000000008a200000, 0x000000008a200000| Untracked 
|   1|0x000000008a300000, 0x000000008a300000, 0x000000008a400000|  0%| F|  |TAMS 0x000000008a300000, 0x000000008a300000| Untracked 
|   2|0x000000008a400000, 0x000000008a400000, 0x000000008a500000|  0%| F|  |TAMS 0x000000008a400000, 0x000000008a400000| Untracked 
|   3|0x000000008a500000, 0x000000008a500000, 0x000000008a600000|  0%| F|  |TAMS 0x000000008a500000, 0x000000008a500000| Untracked 
|   4|0x000000008a600000, 0x000000008a600000, 0x000000008a700000|  0%| F|  |TAMS 0x000000008a600000, 0x000000008a600000| Untracked 
|   5|0x000000008a700000, 0x000000008a700000, 0x000000008a800000|  0%| F|  |TAMS 0x000000008a700000, 0x000000008a700000| Untracked 
|   6|0x000000008a800000, 0x000000008a800000, 0x000000008a900000|  0%| F|  |TAMS 0x000000008a800000, 0x000000008a800000| Untracked 
|   7|0x000000008a900000, 0x000000008a900000, 0x000000008aa00000|  0%| F|  |TAMS 0x000000008a900000, 0x000000008a900000| Untracked 
|   8|0x000000008aa00000, 0x000000008aa00000, 0x000000008ab00000|  0%| F|  |TAMS 0x000000008aa00000, 0x000000008aa00000| Untracked 
|   9|0x000000008ab00000, 0x000000008ab00000, 0x000000008ac00000|  0%| F|  |TAMS 0x000000008ab00000, 0x000000008ab00000| Untracked 
|  10|0x000000008ac00000, 0x000000008ac00000, 0x000000008ad00000|  0%| F|  |TAMS 0x000000008ac00000, 0x000000008ac00000| Untracked 
|  11|0x000000008ad00000, 0x000000008ad00000, 0x000000008ae00000|  0%| F|  |TAMS 0x000000008ad00000, 0x000000008ad00000| Untracked 
|  12|0x000000008ae00000, 0x000000008ae00000, 0x000000008af00000|  0%| F|  |TAMS 0x000000008ae00000, 0x000000008ae00000| Untracked 
|  13|0x000000008af00000, 0x000000008af00000, 0x000000008b000000|  0%| F|  |TAMS 0x000000008af00000, 0x000000008af00000| Untracked 
|  14|0x000000008b000000, 0x000000008b000000, 0x000000008b100000|  0%| F|  |TAMS 0x000000008b000000, 0x000000008b000000| Untracked 
|  15|0x000000008b100000, 0x000000008b100000, 0x000000008b200000|  0%| F|  |TAMS 0x000000008b100000, 0x000000008b100000| Untracked 
|  16|0x000000008b200000, 0x000000008b200000, 0x000000008b300000|  0%| F|  |TAMS 0x000000008b200000, 0x000000008b200000| Untracked 
|  17|0x000000008b300000, 0x000000008b300000, 0x000000008b400000|  0%| F|  |TAMS 0x000000008b300000, 0x000000008b300000| Untracked 
|  18|0x000000008b400000, 0x000000008b400000, 0x000000008b500000|  0%| F|  |TAMS 0x000000008b400000, 0x000000008b400000| Untracked 
|  19|0x000000008b500000, 0x000000008b500000, 0x000000008b600000|  0%| F|  |TAMS 0x000000008b500000, 0x000000008b500000| Untracked 
|  20|0x000000008b600000, 0x000000008b600000, 0x000000008b700000|  0%| F|  |TAMS 0x000000008b600000, 0x000000008b600000| Untracked 
|  21|0x000000008b700000, 0x000000008b700000, 0x000000008b800000|  0%| F|  |TAMS 0x000000008b700000, 0x000000008b700000| Untracked 
|  22|0x000000008b800000, 0x000000008b800000, 0x000000008b900000|  0%| F|  |TAMS 0x000000008b800000, 0x000000008b800000| Untracked 
|  23|0x000000008b900000, 0x000000008b900000, 0x000000008ba00000|  0%| F|  |TAMS 0x000000008b900000, 0x000000008b900000| Untracked 
|  24|0x000000008ba00000, 0x000000008ba00000, 0x000000008bb00000|  0%| F|  |TAMS 0x000000008ba00000, 0x000000008ba00000| Untracked 
|  25|0x000000008bb00000, 0x000000008bb00000, 0x000000008bc00000|  0%| F|  |TAMS 0x000000008bb00000, 0x000000008bb00000| Untracked 
|  26|0x000000008bc00000, 0x000000008bc00000, 0x000000008bd00000|  0%| F|  |TAMS 0x000000008bc00000, 0x000000008bc00000| Untracked 
|  27|0x000000008bd00000, 0x000000008bd00000, 0x000000008be00000|  0%| F|  |TAMS 0x000000008bd00000, 0x000000008bd00000| Untracked 
|  28|0x000000008be00000, 0x000000008be00000, 0x000000008bf00000|  0%| F|  |TAMS 0x000000008be00000, 0x000000008be00000| Untracked 
|  29|0x000000008bf00000, 0x000000008bf00000, 0x000000008c000000|  0%| F|  |TAMS 0x000000008bf00000, 0x000000008bf00000| Untracked 
|  30|0x000000008c000000, 0x000000008c000000, 0x000000008c100000|  0%| F|  |TAMS 0x000000008c000000, 0x000000008c000000| Untracked 
|  31|0x000000008c100000, 0x000000008c100000, 0x000000008c200000|  0%| F|  |TAMS 0x000000008c100000, 0x000000008c100000| Untracked 
|  32|0x000000008c200000, 0x000000008c200000, 0x000000008c300000|  0%| F|  |TAMS 0x000000008c200000, 0x000000008c200000| Untracked 
|  33|0x000000008c300000, 0x000000008c300000, 0x000000008c400000|  0%| F|  |TAMS 0x000000008c300000, 0x000000008c300000| Untracked 
|  34|0x000000008c400000, 0x000000008c400000, 0x000000008c500000|  0%| F|  |TAMS 0x000000008c400000, 0x000000008c400000| Untracked 
|  35|0x000000008c500000, 0x000000008c500000, 0x000000008c600000|  0%| F|  |TAMS 0x000000008c500000, 0x000000008c500000| Untracked 
|  36|0x000000008c600000, 0x000000008c600000, 0x000000008c700000|  0%| F|  |TAMS 0x000000008c600000, 0x000000008c600000| Untracked 
|  37|0x000000008c700000, 0x000000008c700000, 0x000000008c800000|  0%| F|  |TAMS 0x000000008c700000, 0x000000008c700000| Untracked 
|  38|0x000000008c800000, 0x000000008c800000, 0x000000008c900000|  0%| F|  |TAMS 0x000000008c800000, 0x000000008c800000| Untracked 
|  39|0x000000008c900000, 0x000000008c900000, 0x000000008ca00000|  0%| F|  |TAMS 0x000000008c900000, 0x000000008c900000| Untracked 
|  40|0x000000008ca00000, 0x000000008ca00000, 0x000000008cb00000|  0%| F|  |TAMS 0x000000008ca00000, 0x000000008ca00000| Untracked 
|  41|0x000000008cb00000, 0x000000008cb00000, 0x000000008cc00000|  0%| F|  |TAMS 0x000000008cb00000, 0x000000008cb00000| Untracked 
|  42|0x000000008cc00000, 0x000000008cc00000, 0x000000008cd00000|  0%| F|  |TAMS 0x000000008cc00000, 0x000000008cc00000| Untracked 
|  43|0x000000008cd00000, 0x000000008cd00000, 0x000000008ce00000|  0%| F|  |TAMS 0x000000008cd00000, 0x000000008cd00000| Untracked 
|  44|0x000000008ce00000, 0x000000008ce00000, 0x000000008cf00000|  0%| F|  |TAMS 0x000000008ce00000, 0x000000008ce00000| Untracked 
|  45|0x000000008cf00000, 0x000000008cf00000, 0x000000008d000000|  0%| F|  |TAMS 0x000000008cf00000, 0x000000008cf00000| Untracked 
|  46|0x000000008d000000, 0x000000008d000000, 0x000000008d100000|  0%| F|  |TAMS 0x000000008d000000, 0x000000008d000000| Untracked 
|  47|0x000000008d100000, 0x000000008d100000, 0x000000008d200000|  0%| F|  |TAMS 0x000000008d100000, 0x000000008d100000| Untracked 
|  48|0x000000008d200000, 0x000000008d200000, 0x000000008d300000|  0%| F|  |TAMS 0x000000008d200000, 0x000000008d200000| Untracked 
|  49|0x000000008d300000, 0x000000008d300000, 0x000000008d400000|  0%| F|  |TAMS 0x000000008d300000, 0x000000008d300000| Untracked 
|  50|0x000000008d400000, 0x000000008d400000, 0x000000008d500000|  0%| F|  |TAMS 0x000000008d400000, 0x000000008d400000| Untracked 
|  51|0x000000008d500000, 0x000000008d500000, 0x000000008d600000|  0%| F|  |TAMS 0x000000008d500000, 0x000000008d500000| Untracked 
|  52|0x000000008d600000, 0x000000008d600000, 0x000000008d700000|  0%| F|  |TAMS 0x000000008d600000, 0x000000008d600000| Untracked 
|  53|0x000000008d700000, 0x000000008d700000, 0x000000008d800000|  0%| F|  |TAMS 0x000000008d700000, 0x000000008d700000| Untracked 
|  54|0x000000008d800000, 0x000000008d800000, 0x000000008d900000|  0%| F|  |TAMS 0x000000008d800000, 0x000000008d800000| Untracked 
|  55|0x000000008d900000, 0x000000008d900000, 0x000000008da00000|  0%| F|  |TAMS 0x000000008d900000, 0x000000008d900000| Untracked 
|  56|0x000000008da00000, 0x000000008da00000, 0x000000008db00000|  0%| F|  |TAMS 0x000000008da00000, 0x000000008da00000| Untracked 
|  57|0x000000008db00000, 0x000000008db00000, 0x000000008dc00000|  0%| F|  |TAMS 0x000000008db00000, 0x000000008db00000| Untracked 
|  58|0x000000008dc00000, 0x000000008dc00000, 0x000000008dd00000|  0%| F|  |TAMS 0x000000008dc00000, 0x000000008dc00000| Untracked 
|  59|0x000000008dd00000, 0x000000008dd00000, 0x000000008de00000|  0%| F|  |TAMS 0x000000008dd00000, 0x000000008dd00000| Untracked 
|  60|0x000000008de00000, 0x000000008de00000, 0x000000008df00000|  0%| F|  |TAMS 0x000000008de00000, 0x000000008de00000| Untracked 
|  61|0x000000008df00000, 0x000000008df00000, 0x000000008e000000|  0%| F|  |TAMS 0x000000008df00000, 0x000000008df00000| Untracked 
|  62|0x000000008e000000, 0x000000008e000000, 0x000000008e100000|  0%| F|  |TAMS 0x000000008e000000, 0x000000008e000000| Untracked 
|  63|0x000000008e100000, 0x000000008e100000, 0x000000008e200000|  0%| F|  |TAMS 0x000000008e100000, 0x000000008e100000| Untracked 
|  64|0x000000008e200000, 0x000000008e200000, 0x000000008e300000|  0%| F|  |TAMS 0x000000008e200000, 0x000000008e200000| Untracked 
|  65|0x000000008e300000, 0x000000008e300000, 0x000000008e400000|  0%| F|  |TAMS 0x000000008e300000, 0x000000008e300000| Untracked 
|  66|0x000000008e400000, 0x000000008e400000, 0x000000008e500000|  0%| F|  |TAMS 0x000000008e400000, 0x000000008e400000| Untracked 
|  67|0x000000008e500000, 0x000000008e500000, 0x000000008e600000|  0%| F|  |TAMS 0x000000008e500000, 0x000000008e500000| Untracked 
|  68|0x000000008e600000, 0x000000008e600000, 0x000000008e700000|  0%| F|  |TAMS 0x000000008e600000, 0x000000008e600000| Untracked 
|  69|0x000000008e700000, 0x000000008e700000, 0x000000008e800000|  0%| F|  |TAMS 0x000000008e700000, 0x000000008e700000| Untracked 
|  70|0x000000008e800000, 0x000000008e800000, 0x000000008e900000|  0%| F|  |TAMS 0x000000008e800000, 0x000000008e800000| Untracked 
|  71|0x000000008e900000, 0x000000008e900000, 0x000000008ea00000|  0%| F|  |TAMS 0x000000008e900000, 0x000000008e900000| Untracked 
|  72|0x000000008ea00000, 0x000000008ea00000, 0x000000008eb00000|  0%| F|  |TAMS 0x000000008ea00000, 0x000000008ea00000| Untracked 
|  73|0x000000008eb00000, 0x000000008eb00000, 0x000000008ec00000|  0%| F|  |TAMS 0x000000008eb00000, 0x000000008eb00000| Untracked 
|  74|0x000000008ec00000, 0x000000008ec00000, 0x000000008ed00000|  0%| F|  |TAMS 0x000000008ec00000, 0x000000008ec00000| Untracked 
|  75|0x000000008ed00000, 0x000000008ed00000, 0x000000008ee00000|  0%| F|  |TAMS 0x000000008ed00000, 0x000000008ed00000| Untracked 
|  76|0x000000008ee00000, 0x000000008ee00000, 0x000000008ef00000|  0%| F|  |TAMS 0x000000008ee00000, 0x000000008ee00000| Untracked 
|  77|0x000000008ef00000, 0x000000008ef00000, 0x000000008f000000|  0%| F|  |TAMS 0x000000008ef00000, 0x000000008ef00000| Untracked 
|  78|0x000000008f000000, 0x000000008f000000, 0x000000008f100000|  0%| F|  |TAMS 0x000000008f000000, 0x000000008f000000| Untracked 
|  79|0x000000008f100000, 0x000000008f100000, 0x000000008f200000|  0%| F|  |TAMS 0x000000008f100000, 0x000000008f100000| Untracked 
|  80|0x000000008f200000, 0x000000008f200000, 0x000000008f300000|  0%| F|  |TAMS 0x000000008f200000, 0x000000008f200000| Untracked 
|  81|0x000000008f300000, 0x000000008f300000, 0x000000008f400000|  0%| F|  |TAMS 0x000000008f300000, 0x000000008f300000| Untracked 
|  82|0x000000008f400000, 0x000000008f400000, 0x000000008f500000|  0%| F|  |TAMS 0x000000008f400000, 0x000000008f400000| Untracked 
|  83|0x000000008f500000, 0x000000008f500000, 0x000000008f600000|  0%| F|  |TAMS 0x000000008f500000, 0x000000008f500000| Untracked 
|  84|0x000000008f600000, 0x000000008f600000, 0x000000008f700000|  0%| F|  |TAMS 0x000000008f600000, 0x000000008f600000| Untracked 
|  85|0x000000008f700000, 0x000000008f700000, 0x000000008f800000|  0%| F|  |TAMS 0x000000008f700000, 0x000000008f700000| Untracked 
|  86|0x000000008f800000, 0x000000008f800000, 0x000000008f900000|  0%| F|  |TAMS 0x000000008f800000, 0x000000008f800000| Untracked 
|  87|0x000000008f900000, 0x000000008f900000, 0x000000008fa00000|  0%| F|  |TAMS 0x000000008f900000, 0x000000008f900000| Untracked 
|  88|0x000000008fa00000, 0x000000008fa00000, 0x000000008fb00000|  0%| F|  |TAMS 0x000000008fa00000, 0x000000008fa00000| Untracked 
|  89|0x000000008fb00000, 0x000000008fb00000, 0x000000008fc00000|  0%| F|  |TAMS 0x000000008fb00000, 0x000000008fb00000| Untracked 
|  90|0x000000008fc00000, 0x000000008fc00000, 0x000000008fd00000|  0%| F|  |TAMS 0x000000008fc00000, 0x000000008fc00000| Untracked 
|  91|0x000000008fd00000, 0x000000008fd00000, 0x000000008fe00000|  0%| F|  |TAMS 0x000000008fd00000, 0x000000008fd00000| Untracked 
|  92|0x000000008fe00000, 0x000000008fe00000, 0x000000008ff00000|  0%| F|  |TAMS 0x000000008fe00000, 0x000000008fe00000| Untracked 
|  93|0x000000008ff00000, 0x000000008ff00000, 0x0000000090000000|  0%| F|  |TAMS 0x000000008ff00000, 0x000000008ff00000| Untracked 
|  94|0x0000000090000000, 0x0000000090000000, 0x0000000090100000|  0%| F|  |TAMS 0x0000000090000000, 0x0000000090000000| Untracked 
|  95|0x0000000090100000, 0x0000000090100000, 0x0000000090200000|  0%| F|  |TAMS 0x0000000090100000, 0x0000000090100000| Untracked 
|  96|0x0000000090200000, 0x0000000090200000, 0x0000000090300000|  0%| F|  |TAMS 0x0000000090200000, 0x0000000090200000| Untracked 
|  97|0x0000000090300000, 0x0000000090300000, 0x0000000090400000|  0%| F|  |TAMS 0x0000000090300000, 0x0000000090300000| Untracked 
|  98|0x0000000090400000, 0x0000000090400000, 0x0000000090500000|  0%| F|  |TAMS 0x0000000090400000, 0x0000000090400000| Untracked 
|  99|0x0000000090500000, 0x0000000090500000, 0x0000000090600000|  0%| F|  |TAMS 0x0000000090500000, 0x0000000090500000| Untracked 
| 100|0x0000000090600000, 0x0000000090600000, 0x0000000090700000|  0%| F|  |TAMS 0x0000000090600000, 0x0000000090600000| Untracked 
| 101|0x0000000090700000, 0x0000000090700000, 0x0000000090800000|  0%| F|  |TAMS 0x0000000090700000, 0x0000000090700000| Untracked 
| 102|0x0000000090800000, 0x0000000090800000, 0x0000000090900000|  0%| F|  |TAMS 0x0000000090800000, 0x0000000090800000| Untracked 
| 103|0x0000000090900000, 0x0000000090900000, 0x0000000090a00000|  0%| F|  |TAMS 0x0000000090900000, 0x0000000090900000| Untracked 
| 104|0x0000000090a00000, 0x0000000090a00000, 0x0000000090b00000|  0%| F|  |TAMS 0x0000000090a00000, 0x0000000090a00000| Untracked 
| 105|0x0000000090b00000, 0x0000000090b00000, 0x0000000090c00000|  0%| F|  |TAMS 0x0000000090b00000, 0x0000000090b00000| Untracked 
| 106|0x0000000090c00000, 0x0000000090c00000, 0x0000000090d00000|  0%| F|  |TAMS 0x0000000090c00000, 0x0000000090c00000| Untracked 
| 107|0x0000000090d00000, 0x0000000090d00000, 0x0000000090e00000|  0%| F|  |TAMS 0x0000000090d00000, 0x0000000090d00000| Untracked 
| 108|0x0000000090e00000, 0x0000000090e00000, 0x0000000090f00000|  0%| F|  |TAMS 0x0000000090e00000, 0x0000000090e00000| Untracked 
| 109|0x0000000090f00000, 0x0000000090f00000, 0x0000000091000000|  0%| F|  |TAMS 0x0000000090f00000, 0x0000000090f00000| Untracked 
| 110|0x0000000091000000, 0x0000000091000000, 0x0000000091100000|  0%| F|  |TAMS 0x0000000091000000, 0x0000000091000000| Untracked 
| 111|0x0000000091100000, 0x0000000091100000, 0x0000000091200000|  0%| F|  |TAMS 0x0000000091100000, 0x0000000091100000| Untracked 
| 112|0x0000000091200000, 0x0000000091200000, 0x0000000091300000|  0%| F|  |TAMS 0x0000000091200000, 0x0000000091200000| Untracked 
| 113|0x0000000091300000, 0x0000000091300000, 0x0000000091400000|  0%| F|  |TAMS 0x0000000091300000, 0x0000000091300000| Untracked 
| 114|0x0000000091400000, 0x0000000091400000, 0x0000000091500000|  0%| F|  |TAMS 0x0000000091400000, 0x0000000091400000| Untracked 
| 115|0x0000000091500000, 0x0000000091500000, 0x0000000091600000|  0%| F|  |TAMS 0x0000000091500000, 0x0000000091500000| Untracked 
| 116|0x0000000091600000, 0x0000000091600000, 0x0000000091700000|  0%| F|  |TAMS 0x0000000091600000, 0x0000000091600000| Untracked 
| 117|0x0000000091700000, 0x00000000917eb988, 0x0000000091800000| 92%| E|  |TAMS 0x0000000091700000, 0x0000000091700000| Complete 

Card table byte_map: [0x00000107ca010000,0x00000107ca3c0000] _byte_map_base: 0x00000107c9bbf000

Marking Bits (Prev, Next): (CMBitMap*) 0x00000107bedae5c0, (CMBitMap*) 0x00000107bedae600
 Prev Bits: [0x00000107ca770000, 0x00000107cc4e8000)
 Next Bits: [0x00000107cc4f0000, 0x00000107ce268000)

Polling page: 0x00000107bccd0000

Metaspace:

Usage:
  Non-class:      2.36 MB used.
      Class:    191.48 KB used.
       Both:      2.55 MB used.

Virtual space:
  Non-class space:       64.00 MB reserved,       2.38 MB (  4%) committed,  1 nodes.
      Class space:        1.00 GB reserved,     192.00 KB ( <1%) committed,  1 nodes.
             Both:        1.06 GB reserved,       2.56 MB ( <1%) committed. 

Chunk freelists:
   Non-Class:  12.00 MB
       Class:  15.75 MB
        Both:  27.75 MB

MaxMetaspaceSize: unlimited
CompressedClassSpaceSize: 1.00 GB
Initial GC threshold: 21.00 MB
Current GC threshold: 21.00 MB
CDS: off
MetaspaceReclaimPolicy: balanced
 - commit_granule_bytes: 65536.
 - commit_granule_words: 8192.
 - virtual_space_node_default_size: 8388608.
 - enlarge_chunks_in_place: 1.
 - new_chunks_are_fully_committed: 0.
 - uncommit_free_chunks: 1.
 - use_allocation_guard: 0.
 - handle_deallocations: 1.


Internal statistics:

num_allocs_failed_limit: 0.
num_arena_births: 2.
num_arena_deaths: 0.
num_vsnodes_births: 2.
num_vsnodes_deaths: 0.
num_space_committed: 41.
num_space_uncommitted: 0.
num_chunks_returned_to_freelist: 0.
num_chunks_taken_from_freelist: 3.
num_chunk_merges: 0.
num_chunk_splits: 2.
num_chunks_enlarged: 0.
num_inconsistent_stats: 0.

CodeCache: size=49152Kb used=992Kb max_used=992Kb free=48159Kb
 bounds [0x00000107c6600000, 0x00000107c6870000, 0x00000107c9600000]
 total_blobs=247 nmethods=0 adapters=176
 compilation: enabled
              stopped_count=0, restarted_count=0
 full_count=0

Compilation events (0 events):
No events

GC Heap History (0 events):
No events

Deoptimization events (0 events):
No events

Classes unloaded (0 events):
No events

Classes redefined (0 events):
No events

Internal exceptions (0 events):
No events

VM Operations (0 events):
No events

Events (20 events):
Event: 0.048 loading class java/lang/IllegalArgumentException done
Event: 0.048 Thread 0x00000107d1331c00 Thread added: 0x00000107d1331c00
Event: 0.049 Thread 0x00000107d1332880 Thread added: 0x00000107d1332880
Event: 0.049 Thread 0x00000107d134d810 Thread added: 0x00000107d134d810
Event: 0.049 Thread 0x00000107d134e1d0 Thread added: 0x00000107d134e1d0
Event: 0.049 Thread 0x00000107d133fe30 Thread added: 0x00000107d133fe30
Event: 0.049 Thread 0x00000107d1356d40 Thread added: 0x00000107d1356d40
Event: 0.049 loading class java/lang/invoke/MethodHandleStatics
Event: 0.049 loading class java/lang/invoke/MethodHandleStatics done
Event: 0.049 loading class jdk/internal/module/ModuleBootstrap
Event: 0.049 loading class jdk/internal/module/ModuleBootstrap done
Event: 0.050 loading class java/lang/module/ModuleDescriptor
Event: 0.050 loading class java/lang/module/ModuleDescriptor done
Event: 0.050 loading class sun/invoke/util/VerifyAccess
Event: 0.050 loading class sun/invoke/util/VerifyAccess done
Event: 0.050 loading class java/lang/reflect/Modifier
Event: 0.050 loading class java/lang/reflect/Modifier done
Event: 0.050 loading class java/lang/module/ModuleDescriptor$1
Event: 0.050 loading class jdk/internal/access/JavaLangModuleAccess
Event: 0.050 loading class jdk/internal/access/JavaLangModuleAccess done


Dynamic libraries:
0x00007ff74b180000 - 0x00007ff74b190000 	C:\Program Files\Java\jdk-17\bin\java.exe
0x00007fff54bf0000 - 0x00007fff54de8000 	C:\Windows\SYSTEM32\ntdll.dll
0x00007fff52d70000 - 0x00007fff52e2d000 	C:\Windows\System32\KERNEL32.DLL
0x00007fff526f0000 - 0x00007fff529e6000 	C:\Windows\System32\KERNELBASE.dll
0x00007fff522d0000 - 0x00007fff523d0000 	C:\Windows\System32\ucrtbase.dll
0x00007fff3f880000 - 0x00007fff3f899000 	C:\Program Files\Java\jdk-17\bin\jli.dll
0x00007fff3a0c0000 - 0x00007fff3a0db000 	C:\Program Files\Java\jdk-17\bin\VCRUNTIME140.dll
0x00007fff54b00000 - 0x00007fff54baf000 	C:\Windows\System32\ADVAPI32.dll
0x00007fff52f10000 - 0x00007fff52fae000 	C:\Windows\System32\msvcrt.dll
0x00007fff52fb0000 - 0x00007fff5304c000 	C:\Windows\System32\sechost.dll
0x00007fff53810000 - 0x00007fff53936000 	C:\Windows\System32\RPCRT4.dll
0x00007fff53c10000 - 0x00007fff53dae000 	C:\Windows\System32\USER32.dll
0x00007fff52a20000 - 0x00007fff52a42000 	C:\Windows\System32\win32u.dll
0x00007fff339b0000 - 0x00007fff33c4a000 	C:\Windows\WinSxS\amd64_microsoft.windows.common-controls_6595b64144ccf1df_6.0.19041.3636_none_60b6a03d71f818d5\COMCTL32.dll
0x00007fff53050000 - 0x00007fff5307c000 	C:\Windows\System32\GDI32.dll
0x00007fff52530000 - 0x00007fff5264a000 	C:\Windows\System32\gdi32full.dll
0x00007fff52650000 - 0x00007fff526ed000 	C:\Windows\System32\msvcp_win.dll
0x00007fff4b500000 - 0x00007fff4b50a000 	C:\Windows\SYSTEM32\VERSION.dll
0x00007fff536b0000 - 0x00007fff536e0000 	C:\Windows\System32\IMM32.DLL
0x00007fff4c460000 - 0x00007fff4c46c000 	C:\Program Files\Java\jdk-17\bin\vcruntime140_1.dll
0x00007fff19be0000 - 0x00007fff19c6e000 	C:\Program Files\Java\jdk-17\bin\msvcp140.dll
0x00007ffed90d0000 - 0x00007ffed9cb1000 	C:\Program Files\Java\jdk-17\bin\server\jvm.dll
0x00007fff53790000 - 0x00007fff53798000 	C:\Windows\System32\PSAPI.DLL
0x00007fff4dd10000 - 0x00007fff4dd19000 	C:\Windows\SYSTEM32\WSOCK32.dll
0x00007fff47590000 - 0x00007fff475b7000 	C:\Windows\SYSTEM32\WINMM.dll
0x00007fff537a0000 - 0x00007fff5380b000 	C:\Windows\System32\WS2_32.dll
0x00007fff50150000 - 0x00007fff50162000 	C:\Windows\SYSTEM32\kernel.appcore.dll
0x00007fff4af20000 - 0x00007fff4af2a000 	C:\Program Files\Java\jdk-17\bin\jimage.dll
0x00007fff3c550000 - 0x00007fff3c734000 	C:\Windows\SYSTEM32\DBGHELP.DLL
0x00007fff331a0000 - 0x00007fff331d4000 	C:\Windows\SYSTEM32\dbgcore.DLL
0x00007fff52bc0000 - 0x00007fff52c42000 	C:\Windows\System32\bcryptPrimitives.dll
0x00007fff3f830000 - 0x00007fff3f83e000 	C:\Program Files\Java\jdk-17\bin\instrument.dll
0x00007fff312f0000 - 0x00007fff31315000 	C:\Program Files\Java\jdk-17\bin\java.dll
0x00007fff16d80000 - 0x00007fff16e57000 	C:\Program Files\Java\jdk-17\bin\jsvml.dll
0x00007fff53db0000 - 0x00007fff544f4000 	C:\Windows\System32\SHELL32.dll
0x00007fff50350000 - 0x00007fff50aeb000 	C:\Windows\SYSTEM32\windows.storage.dll
0x00007fff53160000 - 0x00007fff534b4000 	C:\Windows\System32\combase.dll
0x00007fff51c30000 - 0x00007fff51c5d000 	C:\Windows\SYSTEM32\Wldp.dll
0x00007fff52c60000 - 0x00007fff52d0d000 	C:\Windows\System32\SHCORE.dll
0x00007fff52d10000 - 0x00007fff52d65000 	C:\Windows\System32\shlwapi.dll
0x00007fff52200000 - 0x00007fff52225000 	C:\Windows\SYSTEM32\profapi.dll

dbghelp: loaded successfully - version: 4.0.5 - missing functions: none
symbol engine: initialized successfully - sym options: 0x614 - pdb path: .;C:\Program Files\Java\jdk-17\bin;C:\Windows\SYSTEM32;C:\Windows\WinSxS\amd64_microsoft.windows.common-controls_6595b64144ccf1df_6.0.19041.3636_none_60b6a03d71f818d5;C:\Program Files\Java\jdk-17\bin\server

VM Arguments:
jvm_args: -XX:TieredStopAtLevel=1 -Dspring.output.ansi.enabled=always -Dcom.sun.management.jmxremote -Dspring.jmx.enabled=true -Dspring.liveBeansView.mbeanDomain -Dspring.application.admin.enabled=true -Dmanagement.endpoints.jmx.exposure.include=* -javaagent:C:\Program Files\JetBrains\IntelliJ IDEA 2023.2.3\lib\idea_rt.jar=53339:C:\Program Files\JetBrains\IntelliJ IDEA 2023.2.3\bin -Dfile.encoding=UTF-8 
java_command: mk.ukim.finki.wp.lab.LabApplication
java_class_path (initial): C:\Users\sarat\Desktop\lab\target\classes;C:\Users\sarat\.m2\repository\org\springframework\boot\spring-boot-starter-thymeleaf\3.1.5\spring-boot-starter-thymeleaf-3.1.5.jar;C:\Users\sarat\.m2\repository\org\springframework\boot\spring-boot-starter\3.1.5\spring-boot-starter-3.1.5.jar;C:\Users\sarat\.m2\repository\org\springframework\boot\spring-boot\3.1.5\spring-boot-3.1.5.jar;C:\Users\sarat\.m2\repository\org\springframework\boot\spring-boot-autoconfigure\3.1.5\spring-boot-autoconfigure-3.1.5.jar;C:\Users\sarat\.m2\repository\org\springframework\boot\spring-boot-starter-logging\3.1.5\spring-boot-starter-logging-3.1.5.jar;C:\Users\sarat\.m2\repository\ch\qos\logback\logback-classic\1.4.11\logback-classic-1.4.11.jar;C:\Users\sarat\.m2\repository\ch\qos\logback\logback-core\1.4.11\logback-core-1.4.11.jar;C:\Users\sarat\.m2\repository\org\apache\logging\log4j\log4j-to-slf4j\2.20.0\log4j-to-slf4j-2.20.0.jar;C:\Users\sarat\.m2\repository\org\apache\logging\log4j\log4j-api\2.20.0\log4j-api-2.20.0.jar;C:\Users\sarat\.m2\repository\org\slf4j\jul-to-slf4j\2.0.9\jul-to-slf4j-2.0.9.jar;C:\Users\sarat\.m2\repository\jakarta\annotation\jakarta.annotation-api\2.1.1\jakarta.annotation-api-2.1.1.jar;C:\Users\sarat\.m2\repository\org\yaml\snakeyaml\1.33\snakeyaml-1.33.jar;C:\Users\sarat\.m2\repository\org\thymeleaf\thymeleaf-spring6\3.1.2.RELEASE\thymeleaf-spring6-3.1.2.RELEASE.jar;C:\Users\sarat\.m2\repository\org\thymeleaf\thymeleaf\3.1.2.RELEASE\thymeleaf-3.1.2.RELEASE.jar;C:\Users\sarat\.m2\repository\org\attoparser\attoparser\2.0.7.RELEASE\attoparser-2.0.7.RELEASE.jar;C:\Users\sarat\.m2\repository\org\unbescape\unbescape\1.1.6.RELEASE\unbescape-1.1.6.RELEASE.jar;C:\Users\sarat\.m2\repository\org\slf4j\slf4j-api\2.0.9\slf4j-api-2.0.9.jar;C:\Users\sarat\.m2\repository\org\springframework\boot\spring-boot-starter-web\3.1.5\spring-boot-starter-web-3.1.5.jar;C:\Users\sarat\.m2\repository\org\springframework\boot\spring-boot-starter-json\3.1.5\spring-boot-
Launcher Type: SUN_STANDARD

[Global flags]
     intx CICompilerCount                          = 12                                        {product} {ergonomic}
     uint ConcGCThreads                            = 3                                         {product} {ergonomic}
     uint G1ConcRefinementThreads                  = 13                                        {product} {ergonomic}
   size_t G1HeapRegionSize                         = 1048576                                   {product} {ergonomic}
    uintx GCDrainStackTargetSize                   = 64                                        {product} {ergonomic}
   size_t InitialHeapSize                          = 123731968                                 {product} {ergonomic}
     bool ManagementServer                         = true                                      {product} {command line}
   size_t MarkStackSize                            = 4194304                                   {product} {ergonomic}
   size_t MaxHeapSize                              = 1977614336                                {product} {ergonomic}
   size_t MaxNewSize                               = 1185939456                                {product} {ergonomic}
   size_t MinHeapDeltaBytes                        = 1048576                                   {product} {ergonomic}
   size_t MinHeapSize                              = 8388608                                   {product} {ergonomic}
    uintx NonProfiledCodeHeapSize                  = 0                                      {pd product} {ergonomic}
     bool ProfileInterpreter                       = false                                  {pd product} {command line}
    uintx ProfiledCodeHeapSize                     = 0                                      {pd product} {ergonomic}
   size_t SoftMaxHeapSize                          = 1977614336                             {manageable} {ergonomic}
     intx TieredStopAtLevel                        = 1                                         {product} {command line}
     bool UseCompressedClassPointers               = true                           {product lp64_product} {ergonomic}
     bool UseCompressedOops                        = true                           {product lp64_product} {ergonomic}
     bool UseG1GC                                  = true                                      {product} {ergonomic}
     bool UseLargePagesIndividualAllocation        = false                                  {pd product} {ergonomic}

Logging:
Log output configuration:
 #0: stdout all=warning uptime,level,tags
 #1: stderr all=off uptime,level,tags

Environment Variables:
JAVA_HOME=C:\Program Files\Java\jdk-17.0.1
PATH=C:\Program Files\Common Files\Oracle\Java\javapath;C:\Windows\system32;C:\Windows;C:\Windows\System32\Wbem;C:\Windows\System32\WindowsPowerShell\v1.0\;C:\Windows\System32\OpenSSH\;C:\Program Files\CodeBlocks\MinGW\bin;C:\Program Files\Java\jdk-19;C:\ProgramData\chocolatey\bin;C:\Users\sarat\AppData\Local\Microsoft\WindowsApps;C:\Program Files\CodeBlocks\MinGW\bin;C:\Program Files\JetBrains\IntelliJ IDEA Community Edition 2021.2.3\bin;;C:\Program Files\JetBrains\IntelliJ IDEA 2023.1.2\bin;
USERNAME=sarat
OS=Windows_NT
PROCESSOR_IDENTIFIER=AMD64 Family 23 Model 96 Stepping 1, AuthenticAMD



---------------  S Y S T E M  ---------------

OS:
 Windows 10 , 64 bit Build 19041 (10.0.19041.3636)
OS uptime: 0 days 3:54 hours
Hyper-V role detected

CPU: total 16 (initial active 16) (16 cores per cpu, 2 threads per core) family 23 model 96 stepping 1 microcode 0x0, cx8, cmov, fxsr, ht, mmx, 3dnowpref, sse, sse2, sse3, ssse3, sse4a, sse4.1, sse4.2, popcnt, lzcnt, tsc, tscinvbit, avx, avx2, aes, clmul, bmi1, bmi2, adx, sha, fma, vzeroupper, clflush, clflushopt, hv

Memory: 4k page, system-wide physical 7540M (1013M free)
TotalPageFile size 9588M (AvailPageFile size 1M)
current process WorkingSet (physical memory assigned to process): 21M, peak: 21M
current process commit charge ("private bytes"): 194M, peak: 194M

vm_info: Java HotSpot(TM) 64-Bit Server VM (17.0.9+11-LTS-201) for windows-amd64 JRE (17.0.9+11-LTS-201), built on Oct 10 2023 23:16:06 by "mach5one" with MS VC++ 17.1 (VS2022)

END.
